<?xml version="1.0" encoding="UTF-8"?>
<!-- Generated by org.testng.reporters.JUnitReportReporter -->
<testsuite skipped="0" hostname="DESKTOP-2SLPI4C" name="testCases.TestCase1" tests="3" failures="0" timestamp="2022-01-29T19:24:22 IST" time="0.004" errors="0">
  <testcase name="secondTest" time="0.000" classname="testCases.TestCase1"/>
  <system-out/>
  <testcase name="firstTest" time="0.004" classname="testCases.TestCase1"/>
  <system-out/>
  <testcase name="thirdTest" time="0.000" classname="testCases.TestCase1"/>
  <system-out/>
</testsuite> <!-- testCases.TestCase1 -->
